<?xml version="1.0" encoding="UTF-8"?>
<testng-results skipped="0" failed="1" ignored="2" total="5" passed="2">
  <reporter-output>
  </reporter-output>
  <suite name="Suite" duration-ms="12398" started-at="2021-03-24T21:05:02 IST" finished-at="2021-03-24T21:05:15 IST">
    <groups>
    </groups>
    <test name="Test" duration-ms="12398" started-at="2021-03-24T21:05:02 IST" finished-at="2021-03-24T21:05:15 IST">
      <class name="testcases.GetResponseIdTest">
        <test-method status="PASS" signature="setUp()[pri:0, instance:testcases.GetResponseIdTest@436e852b]" name="setUp" is-config="true" duration-ms="1" started-at="2021-03-24T21:05:08 IST" finished-at="2021-03-24T21:05:08 IST">
          <reporter-output>
          </reporter-output>
        </test-method> <!-- setUp -->
        <test-method status="FAIL" signature="getResponseId(java.lang.String,java.lang.String)[pri:0, instance:testcases.GetResponseIdTest@436e852b]" name="getResponseId" duration-ms="2865" started-at="2021-03-24T21:05:08 IST" data-provider="TestData" finished-at="2021-03-24T21:05:11 IST">
          <params>
            <param index="0">
              <value>
                <![CDATA[600f9a8d8f798e2a4d5f979e]]>
              </value>
            </param>
            <param index="1">
              <value>
                <![CDATA[/v4/launches/latest]]>
              </value>
            </param>
          </params>
          <exception class="java.lang.AssertionError">
            <message>
              <![CDATA[expected [600f9a8d8f798e2a4d5f979e] but found [60428aafc041c16716f73cd7]]]>
            </message>
            <full-stacktrace>
              <![CDATA[java.lang.AssertionError: expected [600f9a8d8f798e2a4d5f979e] but found [60428aafc041c16716f73cd7]
at org.testng.Assert.fail(Assert.java:99)
at org.testng.Assert.failNotEquals(Assert.java:1037)
at org.testng.Assert.assertEqualsImpl(Assert.java:140)
at org.testng.Assert.assertEquals(Assert.java:122)
at org.testng.Assert.assertEquals(Assert.java:629)
at org.testng.Assert.assertEquals(Assert.java:639)
at testcases.GetResponseIdTest.getResponseId(GetResponseIdTest.java:33)
at sun.reflect.NativeMethodAccessorImpl.invoke0(Native Method)
at sun.reflect.NativeMethodAccessorImpl.invoke(NativeMethodAccessorImpl.java:62)
at sun.reflect.DelegatingMethodAccessorImpl.invoke(DelegatingMethodAccessorImpl.java:43)
at java.lang.reflect.Method.invoke(Method.java:498)
at org.testng.internal.MethodInvocationHelper.invokeMethod(MethodInvocationHelper.java:133)
at org.testng.internal.TestInvoker.invokeMethod(TestInvoker.java:598)
at org.testng.internal.TestInvoker.invokeTestMethod(TestInvoker.java:173)
at org.testng.internal.MethodRunner.runInSequence(MethodRunner.java:46)
at org.testng.internal.TestInvoker$MethodInvocationAgent.invoke(TestInvoker.java:824)
at org.testng.internal.TestInvoker.invokeTestMethods(TestInvoker.java:146)
at org.testng.internal.TestMethodWorker.invokeTestMethods(TestMethodWorker.java:146)
at org.testng.internal.TestMethodWorker.run(TestMethodWorker.java:128)
at java.util.ArrayList.forEach(ArrayList.java:1257)
at org.testng.TestRunner.privateRun(TestRunner.java:794)
at org.testng.TestRunner.run(TestRunner.java:596)
at org.testng.SuiteRunner.runTest(SuiteRunner.java:377)
at org.testng.SuiteRunner.runSequentially(SuiteRunner.java:371)
at org.testng.SuiteRunner.privateRun(SuiteRunner.java:332)
at org.testng.SuiteRunner.run(SuiteRunner.java:276)
at org.testng.SuiteRunnerWorker.runSuite(SuiteRunnerWorker.java:53)
at org.testng.SuiteRunnerWorker.run(SuiteRunnerWorker.java:96)
at org.testng.TestNG.runSuitesSequentially(TestNG.java:1212)
at org.testng.TestNG.runSuitesLocally(TestNG.java:1134)
at org.testng.TestNG.runSuites(TestNG.java:1063)
at org.testng.TestNG.run(TestNG.java:1031)
at org.apache.maven.surefire.testng.TestNGExecutor.run(TestNGExecutor.java:284)
at org.apache.maven.surefire.testng.TestNGXmlTestSuite.execute(TestNGXmlTestSuite.java:75)
at org.apache.maven.surefire.testng.TestNGProvider.invoke(TestNGProvider.java:119)
at org.apache.maven.surefire.booter.ForkedBooter.runSuitesInProcess(ForkedBooter.java:428)
at org.apache.maven.surefire.booter.ForkedBooter.execute(ForkedBooter.java:162)
at org.apache.maven.surefire.booter.ForkedBooter.run(ForkedBooter.java:562)
at org.apache.maven.surefire.booter.ForkedBooter.main(ForkedBooter.java:548)
]]>
            </full-stacktrace>
          </exception> <!-- java.lang.AssertionError -->
          <reporter-output>
          </reporter-output>
        </test-method> <!-- getResponseId -->
        <test-method status="PASS" signature="tearDown(org.testng.ITestResult)[pri:0, instance:testcases.GetResponseIdTest@436e852b]" name="tearDown" is-config="true" duration-ms="65" started-at="2021-03-24T21:05:11 IST" finished-at="2021-03-24T21:05:11 IST">
          <params>
            <param index="0">
              <value>
                <![CDATA[[TestResult name=getResponseId status=FAILURE method=GetResponseIdTest.getResponseId(java.lang.String,java.lang.String)[pri:0, instance:testcases.GetResponseIdTest@436e852b] output={null}]]]>
              </value>
            </param>
          </params>
          <reporter-output>
          </reporter-output>
        </test-method> <!-- tearDown -->
      </class> <!-- testcases.GetResponseIdTest -->
      <class name="testcases.GetResponseShipsCountTest">
        <test-method status="PASS" signature="getResponseShipsCount(int,java.lang.String)[pri:0, instance:testcases.GetResponseShipsCountTest@32d2fa64]" name="getResponseShipsCount" duration-ms="4009" started-at="2021-03-24T21:05:11 IST" data-provider="TestData" finished-at="2021-03-24T21:05:15 IST">
          <params>
            <param index="0">
              <value>
                <![CDATA[4]]>
              </value>
            </param>
            <param index="1">
              <value>
                <![CDATA[/v4/launches/latest]]>
              </value>
            </param>
          </params>
          <reporter-output>
          </reporter-output>
        </test-method> <!-- getResponseShipsCount -->
        <test-method status="PASS" signature="setUp()[pri:0, instance:testcases.GetResponseShipsCountTest@32d2fa64]" name="setUp" is-config="true" duration-ms="0" started-at="2021-03-24T21:05:11 IST" finished-at="2021-03-24T21:05:11 IST">
          <reporter-output>
          </reporter-output>
        </test-method> <!-- setUp -->
        <test-method status="PASS" signature="tearDown(org.testng.ITestResult)[pri:0, instance:testcases.GetResponseShipsCountTest@32d2fa64]" name="tearDown" is-config="true" duration-ms="67" started-at="2021-03-24T21:05:15 IST" finished-at="2021-03-24T21:05:15 IST">
          <params>
            <param index="0">
              <value>
                <![CDATA[[TestResult name=getResponseShipsCount status=SUCCESS method=GetResponseShipsCountTest.getResponseShipsCount(int,java.lang.String)[pri:0, instance:testcases.GetResponseShipsCountTest@32d2fa64] output={null}]]]>
              </value>
            </param>
          </params>
          <reporter-output>
          </reporter-output>
        </test-method> <!-- tearDown -->
      </class> <!-- testcases.GetResponseShipsCountTest -->
      <class name="testcases.GetResponseCodeTest">
        <test-method status="PASS" signature="extentReportSetUp()[pri:0, instance:testcases.GetResponseCodeTest@3234e239]" name="extentReportSetUp" is-config="true" duration-ms="127" started-at="2021-03-24T21:05:02 IST" finished-at="2021-03-24T21:05:02 IST">
          <reporter-output>
          </reporter-output>
        </test-method> <!-- extentReportSetUp -->
        <test-method status="PASS" signature="setUp()[pri:0, instance:testcases.GetResponseCodeTest@3234e239]" name="setUp" is-config="true" duration-ms="374" started-at="2021-03-24T21:05:03 IST" finished-at="2021-03-24T21:05:03 IST">
          <reporter-output>
          </reporter-output>
        </test-method> <!-- setUp -->
        <test-method status="PASS" signature="getResponseCode(java.lang.String)[pri:0, instance:testcases.GetResponseCodeTest@3234e239]" name="getResponseCode" duration-ms="4039" started-at="2021-03-24T21:05:03 IST" data-provider="TestData" finished-at="2021-03-24T21:05:07 IST">
          <params>
            <param index="0">
              <value>
                <![CDATA[/v4/launches/latest]]>
              </value>
            </param>
          </params>
          <reporter-output>
          </reporter-output>
        </test-method> <!-- getResponseCode -->
        <test-method status="PASS" signature="tearDown(org.testng.ITestResult)[pri:0, instance:testcases.GetResponseCodeTest@3234e239]" name="tearDown" is-config="true" duration-ms="305" started-at="2021-03-24T21:05:07 IST" finished-at="2021-03-24T21:05:08 IST">
          <params>
            <param index="0">
              <value>
                <![CDATA[[TestResult name=getResponseCode status=SUCCESS method=GetResponseCodeTest.getResponseCode(java.lang.String)[pri:0, instance:testcases.GetResponseCodeTest@3234e239] output={null}]]]>
              </value>
            </param>
          </params>
          <reporter-output>
          </reporter-output>
        </test-method> <!-- tearDown -->
      </class> <!-- testcases.GetResponseCodeTest -->
    </test> <!-- Test -->
  </suite> <!-- Suite -->
</testng-results>
